<?xml version="1.0" encoding="UTF-8"?>
<testsuites>
  <testsuite name="fastlane.lanes">
    
    
    
      
      <testcase classname="fastlane.lanes" name="0: default_platform" time="0.00018">
        
      </testcase>
    
      
      <testcase classname="fastlane.lanes" name="1: bundleRelease" time="59.543587">
        
          <failure message="/opt/homebrew/Cellar/fastlane/2.227.1/libexec/gems/fastlane-2.227.1/fastlane/lib/fastlane/actions/actions_helper.rb:67:in &apos;Fastlane::Actions.execute_action&apos;&#10;/opt/homebrew/Cellar/fastlane/2.227.1/libexec/gems/fastlane-2.227.1/fastlane/lib/fastlane/runner.rb:255:in &apos;block in Fastlane::Runner#execute_action&apos;&#10;/opt/homebrew/Cellar/fastlane/2.227.1/libexec/gems/fastlane-2.227.1/fastlane/lib/fastlane/runner.rb:229:in &apos;Dir.chdir&apos;&#10;/opt/homebrew/Cellar/fastlane/2.227.1/libexec/gems/fastlane-2.227.1/fastlane/lib/fastlane/runner.rb:229:in &apos;Fastlane::Runner#execute_action&apos;&#10;/opt/homebrew/Cellar/fastlane/2.227.1/libexec/gems/fastlane-2.227.1/fastlane/lib/fastlane/runner.rb:157:in &apos;Fastlane::Runner#trigger_action_by_name&apos;&#10;/opt/homebrew/Cellar/fastlane/2.227.1/libexec/gems/fastlane-2.227.1/fastlane/lib/fastlane/fast_file.rb:159:in &apos;Fastlane::FastFile#method_missing&apos;&#10;Fastfile:40:in &apos;block (2 levels) in Fastlane::FastFile#parsing_binding&apos;&#10;/opt/homebrew/Cellar/fastlane/2.227.1/libexec/gems/fastlane-2.227.1/fastlane/lib/fastlane/lane.rb:41:in &apos;Fastlane::Lane#call&apos;&#10;/opt/homebrew/Cellar/fastlane/2.227.1/libexec/gems/fastlane-2.227.1/fastlane/lib/fastlane/runner.rb:49:in &apos;block in Fastlane::Runner#execute&apos;&#10;/opt/homebrew/Cellar/fastlane/2.227.1/libexec/gems/fastlane-2.227.1/fastlane/lib/fastlane/runner.rb:45:in &apos;Dir.chdir&apos;&#10;/opt/homebrew/Cellar/fastlane/2.227.1/libexec/gems/fastlane-2.227.1/fastlane/lib/fastlane/runner.rb:45:in &apos;Fastlane::Runner#execute&apos;&#10;/opt/homebrew/Cellar/fastlane/2.227.1/libexec/gems/fastlane-2.227.1/fastlane/lib/fastlane/lane_manager.rb:46:in &apos;Fastlane::LaneManager.cruise_lane&apos;&#10;/opt/homebrew/Cellar/fastlane/2.227.1/libexec/gems/fastlane-2.227.1/fastlane/lib/fastlane/command_line_handler.rb:34:in &apos;Fastlane::CommandLineHandler.handle&apos;&#10;/opt/homebrew/Cellar/fastlane/2.227.1/libexec/gems/fastlane-2.227.1/fastlane/lib/fastlane/commands_generator.rb:110:in &apos;block (2 levels) in Fastlane::CommandsGenerator#run&apos;&#10;/opt/homebrew/Cellar/fastlane/2.227.1/libexec/gems/commander-4.6.0/lib/commander/command.rb:187:in &apos;Commander::Command#call&apos;&#10;/opt/homebrew/Cellar/fastlane/2.227.1/libexec/gems/commander-4.6.0/lib/commander/command.rb:157:in &apos;Commander::Command#run&apos;&#10;/opt/homebrew/Cellar/fastlane/2.227.1/libexec/gems/commander-4.6.0/lib/commander/runner.rb:444:in &apos;Commander::Runner#run_active_command&apos;&#10;/opt/homebrew/Cellar/fastlane/2.227.1/libexec/gems/fastlane-2.227.1/fastlane_core/lib/fastlane_core/ui/fastlane_runner.rb:124:in &apos;Commander::Runner#run!&apos;&#10;/opt/homebrew/Cellar/fastlane/2.227.1/libexec/gems/commander-4.6.0/lib/commander/delegates.rb:18:in &apos;Commander::Delegates#run!&apos;&#10;/opt/homebrew/Cellar/fastlane/2.227.1/libexec/gems/fastlane-2.227.1/fastlane/lib/fastlane/commands_generator.rb:363:in &apos;Fastlane::CommandsGenerator#run&apos;&#10;/opt/homebrew/Cellar/fastlane/2.227.1/libexec/gems/fastlane-2.227.1/fastlane/lib/fastlane/commands_generator.rb:43:in &apos;Fastlane::CommandsGenerator.start&apos;&#10;/opt/homebrew/Cellar/fastlane/2.227.1/libexec/gems/fastlane-2.227.1/fastlane/lib/fastlane/cli_tools_distributor.rb:123:in &apos;Fastlane::CLIToolsDistributor.take_off&apos;&#10;/opt/homebrew/Cellar/fastlane/2.227.1/libexec/gems/fastlane-2.227.1/bin/fastlane:23:in &apos;&lt;top (required)&gt;&apos;&#10;/opt/homebrew/Cellar/fastlane/2.227.1/libexec/bin/fastlane:25:in &apos;Kernel#load&apos;&#10;/opt/homebrew/Cellar/fastlane/2.227.1/libexec/bin/fastlane:25:in &apos;&lt;main&gt;&apos;&#10;&#10;Exit status of command &apos;/Users/christian/Documents/git/bluesharpbendingapp-github/gradlew bundleRelease -p . -Pandroid.injected.signing.store.file=/Users/christian/Documents/git/upload-keystore.jks -Pandroid.injected.signing.store.password=mywytvej -Pandroid.injected.signing.key.alias=upload -Pandroid.injected.signing.key.password=mywytvej&apos; was 1 instead of 0.&#10;&gt; Task :android:preBuild UP-TO-DATE&#10;&gt; Task :android:preReleaseBuild UP-TO-DATE&#10;&gt; Task :android:extractReleaseVersionControlInfo&#10;&gt; Task :android:mergeReleaseShaders&#10;&gt; Task :android:compileReleaseShaders NO-SOURCE&#10;&gt; Task :android:generateReleaseAssets UP-TO-DATE&#10;&gt; Task :android:mergeReleaseAssets&#10;&gt; Task :base:compileJava&#10;&gt; Task :base:processResources&#10;&gt; Task :base:classes&#10;&gt; Task :base:jar&#10;&gt; Task :android:buildKotlinToolingMetadata&#10;&gt; Task :android:checkKotlinGradlePluginConfigurationErrors SKIPPED&#10;&gt; Task :android:generateReleaseResValues&#10;&gt; Task :android:dataBindingMergeDependencyArtifactsRelease&#10;&gt; Task :android:generateReleaseResources&#10;&gt; Task :android:checkReleaseDuplicateClasses&#10;&gt; Task :android:packageReleaseResources&#10;&gt; Task :android:mapReleaseSourceSetPaths&#10;&gt; Task :android:createReleaseCompatibleScreenManifests&#10;&gt; Task :android:parseReleaseLocalResources&#10;&gt; Task :android:checkReleaseAarMetadata&#10;&gt; Task :android:extractDeepLinksRelease&#10;&gt; Task :android:processReleaseMainManifest&#10;&gt; Task :android:processReleaseManifest&#10;&gt; Task :android:processReleaseManifestForPackage&#10;&gt; Task :android:javaPreCompileRelease&#10;&gt; Task :android:extractProguardFiles&#10;&gt; Task :android:mergeReleaseArtProfile&#10;&gt; Task :android:mergeReleaseStartupProfile UP-TO-DATE&#10;&gt; Task :android:mergeReleaseJniLibFolders&#10;&gt; Task :android:mergeReleaseNativeLibs NO-SOURCE&#10;&gt; Task :android:stripReleaseDebugSymbols NO-SOURCE&#10;&gt; Task :android:writeReleaseAppMetadata&#10;&gt; Task :android:extractReleaseNativeDebugMetadata NO-SOURCE&#10;&gt; Task :android:parseReleaseIntegrityConfig UP-TO-DATE&#10;&gt; Task :android:validateSigningRelease&#10;&gt; Task :android:mergeReleaseResources&#10;&gt; Task :android:dataBindingGenBaseClassesRelease&#10;&gt; Task :android:processReleaseResources&#10;&gt; Task :android:compileReleaseKotlin NO-SOURCE&#10;&gt; Task :android:compileReleaseJavaWithJavac&#10;&gt; Task :android:mergeReleaseGeneratedProguardFiles UP-TO-DATE&#10;&gt; Task :android:processReleaseJavaRes&#10;&gt; Task :android:generateReleaseLintVitalReportModel&#10;&gt; Task :android:expandReleaseArtProfileWildcards&#10;&gt; Task :android:lintVitalAnalyzeRelease&#10;&gt; Task :android:lintVitalReportRelease&#10;&gt; Task :android:lintVitalRelease&#10;&gt; Task :android:mergeReleaseJavaResource&#10;&#10;&gt; Task :android:minifyReleaseWithR8 FAILED&#10;ERROR: Missing classes detected while running R8. Please add the missing classes or apply additional keep rules that are generated in /Users/christian/Documents/git/bluesharpbendingapp-github/android/app/build/outputs/mapping/release/missing_rules.txt.&#10;ERROR: R8: Missing class java.lang.management.BufferPoolMXBean (referenced from: org.bytedeco.javacpp.tools.PointerBufferPoolMXBean)&#10;Missing class javax.management.MalformedObjectNameException (referenced from: void org.bytedeco.javacpp.tools.PointerBufferPoolMXBean.&lt;clinit&gt;())&#10;Missing class javax.management.ObjectName (referenced from: javax.management.ObjectName org.bytedeco.javacpp.tools.PointerBufferPoolMXBean.OBJECT_NAME and 1 other context)&#10;Missing class org.apache.maven.plugin.AbstractMojo (referenced from: org.bytedeco.javacpp.tools.BuildMojo and 2 other contexts)&#10;Missing class org.apache.maven.plugin.logging.Log (referenced from: org.apache.maven.plugin.logging.Log org.bytedeco.javacpp.tools.BuildMojo$1.val$log and 7 other contexts)&#10;Missing class org.apache.maven.plugins.annotations.LifecyclePhase (referenced from: org.bytedeco.javacpp.tools.BuildMojo and 3 other contexts)&#10;Missing class org.apache.maven.plugins.annotations.Mojo (referenced from: org.bytedeco.javacpp.tools.BuildMojo and 3 other contexts)&#10;Missing class org.apache.maven.plugins.annotations.ResolutionScope (referenced from: org.bytedeco.javacpp.tools.CacheMojo)&#10;Missing class org.osgi.annotation.bundle.Export (referenced from: org.bytedeco.javacpp.annotation.package-info and 4 other contexts)&#10;Missing class org.osgi.annotation.versioning.ConsumerType (referenced from: org.bytedeco.javacpp.LoadEnabled and 2 other contexts)&#10;&#10;[Incubating] Problems report is available at: file:///Users/christian/Documents/git/bluesharpbendingapp-github/build/reports/problems/problems-report.html&#10;&#10;FAILURE: Build failed with an exception.&#10;&#10;* What went wrong:&#10;Execution failed for task &apos;:android:minifyReleaseWithR8&apos;.&#10;&gt; A failure occurred while executing com.android.build.gradle.internal.tasks.R8Task$R8Runnable&#10;   &gt; Compilation failed to complete&#10;&#10;* Try:&#10;&gt; Run with --stacktrace option to get the stack trace.&#10;&gt; Run with --info or --debug option to get more log output.&#10;&gt; Run with --scan to get full insights.&#10;&gt; Get more help at https://help.gradle.org.&#10;&#10;Deprecated Gradle features were used in this build, making it incompatible with Gradle 9.0.&#10;&#10;You can use &apos;--warning-mode all&apos; to show the individual deprecation warnings and determine if they come from your own scripts or plugins.&#10;&#10;For more on this, please refer to https://docs.gradle.org/8.12/userguide/command_line_interface.html#sec:command_line_warnings in the Gradle documentation.&#10;&#10;BUILD FAILED in 59s&#10;41 actionable tasks: 38 executed, 3 up-to-date&#10;" />
        
      </testcase>
    
  </testsuite>
</testsuites>
